<?xml version="1.0" encoding="UTF-8"?>
<testsuite xmlns:xsi="http://www.w3.org/2001/XMLSchema-instance" xsi:noNamespaceSchemaLocation="https://maven.apache.org/surefire/maven-surefire-plugin/xsd/surefire-test-report.xsd" version="3.0.2" name="com.example.backend.BackendApplicationTests" time="6.945" tests="1" errors="0" skipped="0" failures="0">
  <properties>
[...]
</properties>
  <testcase name="contextLoads" classname="com.example.backend.BackendApplicationTests" time="0.41">
    <system-out><![CDATA[11:48:15.083 [main] INFO org.springframework.test.context.support.AnnotationConfigContextLoaderUtils -- Could not detect default configuration classes for test class [com.example.backend.BackendApplicationTests]: BackendApplicationTests does not declare any static, non-private, non-final, nested classes annotated with @Configuration.
11:48:15.222 [main] INFO org.springframework.boot.test.context.SpringBootTestContextBootstrapper -- Found @SpringBootConfiguration com.example.backend.BackendApplication for test class com.example.backend.BackendApplicationTests
11:48:15.438 [main] INFO org.springframework.boot.devtools.restart.RestartApplicationListener -- Restart disabled due to context in which it is running

  .   ____          _            __ _ _
 /\\ / ___'_ __ _ _(_)_ __  __ _ \ \ \ \
( ( )\___ | '_ | '_| | '_ \/ _` | \ \ \ \
 \\/  ___)| |_)| | | | | || (_| |  ) ) ) )
  '  |____| .__|_| |_|_| |_\__, | / / / /
 =========|_|==============|___/=/_/_/_/

 :: Spring Boot ::                (v3.4.3)

2025-04-15T11:48:15.741+02:00  INFO 22956 --- [backend] [           main] c.e.backend.BackendApplicationTests      : Starting BackendApplicationTests using Java 21.0.6 with PID 22956 (started by Mega Pc in C:\Projects\InternHub-main_ili_ye5dem\backend)
2025-04-15T11:48:15.742+02:00  INFO 22956 --- [backend] [           main] c.e.backend.BackendApplicationTests      : No active profile set, falling back to 1 default profile: "default"
2025-04-15T11:48:15.769+02:00 DEBUG 22956 --- [backend] [           main] o.s.w.c.s.GenericWebApplicationContext   : Refreshing org.springframework.web.context.support.GenericWebApplicationContext@6aa648b9
2025-04-15T11:48:16.959+02:00  INFO 22956 --- [backend] [           main] .s.d.r.c.RepositoryConfigurationDelegate : Bootstrapping Spring Data JPA repositories in DEFAULT mode.
2025-04-15T11:48:17.054+02:00  INFO 22956 --- [backend] [           main] .s.d.r.c.RepositoryConfigurationDelegate : Finished Spring Data repository scanning in 84 ms. Found 8 JPA repository interfaces.
2025-04-15T11:48:17.614+02:00  INFO 22956 --- [backend] [           main] o.hibernate.jpa.internal.util.LogHelper  : HHH000204: Processing PersistenceUnitInfo [name: default]
2025-04-15T11:48:17.689+02:00  INFO 22956 --- [backend] [           main] org.hibernate.Version                    : HHH000412: Hibernate ORM core version 6.6.8.Final
2025-04-15T11:48:17.733+02:00  INFO 22956 --- [backend] [           main] o.h.c.internal.RegionFactoryInitiator    : HHH000026: Second-level cache disabled
2025-04-15T11:48:18.092+02:00  INFO 22956 --- [backend] [           main] o.s.o.j.p.SpringPersistenceUnitInfo      : No LoadTimeWeaver setup: ignoring JPA class transformer
2025-04-15T11:48:18.127+02:00  INFO 22956 --- [backend] [           main] com.zaxxer.hikari.HikariDataSource       : HikariPool-1 - Starting...
2025-04-15T11:48:18.307+02:00  INFO 22956 --- [backend] [           main] com.zaxxer.hikari.pool.HikariPool        : HikariPool-1 - Added connection com.mysql.cj.jdbc.ConnectionImpl@7d8f2eec
2025-04-15T11:48:18.309+02:00  INFO 22956 --- [backend] [           main] com.zaxxer.hikari.HikariDataSource       : HikariPool-1 - Start completed.
2025-04-15T11:48:18.366+02:00  WARN 22956 --- [backend] [           main] org.hibernate.dialect.Dialect            : HHH000511: The 5.5.5 version for [org.hibernate.dialect.MySQLDialect] is no longer supported, hence certain features may not work properly. The minimum supported version is 8.0.0. Check the community dialects project for available legacy versions.
2025-04-15T11:48:18.387+02:00  INFO 22956 --- [backend] [           main] org.hibernate.orm.connections.pooling    : HHH10001005: Database info:
	Database JDBC URL [Connecting through datasource 'HikariDataSource (HikariPool-1)']
	Database driver: undefined/unknown
	Database version: 5.5.5
	Autocommit mode: undefined/unknown
	Isolation level: undefined/unknown
	Minimum pool size: undefined/unknown
	Maximum pool size: undefined/unknown
2025-04-15T11:48:19.347+02:00  INFO 22956 --- [backend] [           main] o.h.e.t.j.p.i.JtaPlatformInitiator       : HHH000489: No JTA platform available (set 'hibernate.transaction.jta.platform' to enable JTA platform integration)
Hibernate: create table internship_ai (id bigint not null auto_increment, category varchar(255), company_name varchar(255), description varchar(255), end_date date, is_active bit not null, start_date date, technology varchar(255), title varchar(255), student_id bigint, primary key (id)) engine=InnoDB
Hibernate: create table verification_code (id bigint not null auto_increment, code varchar(255), expiration_date datetime(6), identifier varchar(255), primary key (id)) engine=InnoDB
Hibernate: alter table internship_ai add constraint FK2tn7sbr1njcbpfbrbf7j6euer foreign key (student_id) references students (id)
Hibernate: alter table internships add constraint FKgs41qwqbh9nr7qhckypuku3cy foreign key (enterprise_id) references enterprises (id)
Hibernate: alter table internships add constraint FKkmqhv1l86m6qrqgfftoy92vy6 foreign key (student_id) references students (id)
2025-04-15T11:48:19.855+02:00  INFO 22956 --- [backend] [           main] j.LocalContainerEntityManagerFactoryBean : Initialized JPA EntityManagerFactory for persistence unit 'default'
2025-04-15T11:48:20.424+02:00  INFO 22956 --- [backend] [           main] r$InitializeUserDetailsManagerConfigurer : Global AuthenticationManager configured with UserDetailsService bean with name userServiceImpl
2025-04-15T11:48:20.616+02:00  WARN 22956 --- [backend] [           main] JpaBaseConfiguration$JpaWebConfiguration : spring.jpa.open-in-view is enabled by default. Therefore, database queries may be performed during view rendering. Explicitly configure spring.jpa.open-in-view to disable this warning
2025-04-15T11:48:20.772+02:00 DEBUG 22956 --- [backend] [           main] o.s.w.s.s.s.WebSocketHandlerMapping      : Patterns [/ws/**] in 'stompWebSocketHandlerMapping'
2025-04-15T11:48:20.845+02:00 DEBUG 22956 --- [backend] [           main] s.w.s.m.m.a.RequestMappingHandlerMapping : 17 mappings in 'requestMappingHandlerMapping'
2025-04-15T11:48:20.928+02:00 DEBUG 22956 --- [backend] [           main] o.s.w.s.handler.SimpleUrlHandlerMapping  : Patterns [/webjars/**, /**] in 'resourceHandlerMapping'
2025-04-15T11:48:20.980+02:00 DEBUG 22956 --- [backend] [           main] o.s.s.web.DefaultSecurityFilterChain     : Will secure any request with filters: DisableEncodeUrlFilter, WebAsyncManagerIntegrationFilter, SecurityContextHolderFilter, HeaderWriterFilter, CorsFilter, LogoutFilter, JwtAuthenticationFilter, RequestCacheAwareFilter, SecurityContextHolderAwareRequestFilter, AnonymousAuthenticationFilter, SessionManagementFilter, ExceptionTranslationFilter, AuthorizationFilter
2025-04-15T11:48:21.047+02:00 DEBUG 22956 --- [backend] [           main] .WebSocketAnnotationMethodMessageHandler : 
	c.e.b.c.ChatController:
	{[MESSAGE],[/chat]}: processMessage(ChatMessage)
2025-04-15T11:48:21.047+02:00 DEBUG 22956 --- [backend] [           main] .WebSocketAnnotationMethodMessageHandler : 
	c.e.b.c.ForgotPasswordController:
	
2025-04-15T11:48:21.047+02:00 DEBUG 22956 --- [backend] [           main] .WebSocketAnnotationMethodMessageHandler : 
	c.e.b.c.LoginController:
	
2025-04-15T11:48:21.048+02:00 DEBUG 22956 --- [backend] [           main] .WebSocketAnnotationMethodMessageHandler : 
	c.e.b.c.SignupController:
	
2025-04-15T11:48:21.048+02:00 DEBUG 22956 --- [backend] [           main] .WebSocketAnnotationMethodMessageHandler : 
	c.e.b.c.StudentInternshipController:
	
2025-04-15T11:48:21.048+02:00 DEBUG 22956 --- [backend] [           main] .WebSocketAnnotationMethodMessageHandler : 
	o.s.b.a.w.s.e.BasicErrorController:
	
2025-04-15T11:48:21.198+02:00 DEBUG 22956 --- [backend] [           main] s.w.s.m.m.a.RequestMappingHandlerAdapter : ControllerAdvice beans: 0 @ModelAttribute, 0 @InitBinder, 1 RequestBodyAdvice, 1 ResponseBodyAdvice
2025-04-15T11:48:21.240+02:00 DEBUG 22956 --- [backend] [           main] .m.m.a.ExceptionHandlerExceptionResolver : ControllerAdvice beans: 0 @ExceptionHandler, 1 ResponseBodyAdvice
2025-04-15T11:48:21.374+02:00 DEBUG 22956 --- [backend] [           main] org.springframework.web.SimpLogging      : clientOutboundChannel added SubProtocolWebSocketHandler[StompSubProtocolHandler[v10.stomp, v11.stomp, v12.stomp]]
2025-04-15T11:48:21.375+02:00 DEBUG 22956 --- [backend] [           main] org.springframework.web.SimpLogging      : clientInboundChannel added WebSocketAnnotationMethodMessageHandler[prefixes=[/app/]]
2025-04-15T11:48:21.375+02:00  INFO 22956 --- [backend] [           main] o.s.m.s.b.SimpleBrokerMessageHandler     : Starting...
2025-04-15T11:48:21.375+02:00 DEBUG 22956 --- [backend] [           main] org.springframework.web.SimpLogging      : clientInboundChannel added SimpleBrokerMessageHandler [org.springframework.messaging.simp.broker.DefaultSubscriptionRegistry@3435b6d8]
2025-04-15T11:48:21.376+02:00 DEBUG 22956 --- [backend] [           main] org.springframework.web.SimpLogging      : brokerChannel added SimpleBrokerMessageHandler [org.springframework.messaging.simp.broker.DefaultSubscriptionRegistry@3435b6d8]
2025-04-15T11:48:21.377+02:00  INFO 22956 --- [backend] [           main] o.s.m.s.b.SimpleBrokerMessageHandler     : BrokerAvailabilityEvent[available=true, SimpleBrokerMessageHandler [org.springframework.messaging.simp.broker.DefaultSubscriptionRegistry@3435b6d8]]
2025-04-15T11:48:21.378+02:00  INFO 22956 --- [backend] [           main] o.s.m.s.b.SimpleBrokerMessageHandler     : Started.
2025-04-15T11:48:21.378+02:00 DEBUG 22956 --- [backend] [           main] org.springframework.web.SimpLogging      : clientInboundChannel added UserDestinationMessageHandler[DefaultUserDestinationResolver[prefix=/user/]]
2025-04-15T11:48:21.378+02:00 DEBUG 22956 --- [backend] [           main] org.springframework.web.SimpLogging      : brokerChannel added UserDestinationMessageHandler[DefaultUserDestinationResolver[prefix=/user/]]
2025-04-15T11:48:21.383+02:00  INFO 22956 --- [backend] [           main] c.e.backend.BackendApplicationTests      : Started BackendApplicationTests in 5.961 seconds (process running for 7.279)
]]></system-out>
    <system-err><![CDATA[Mockito is currently self-attaching to enable the inline-mock-maker. This will no longer work in future releases of the JDK. Please add Mockito as an agent to your build what is described in Mockito's documentation: https://javadoc.io/doc/org.mockito/mockito-core/latest/org/mockito/Mockito.html#0.3
WARNING: A Java agent has been loaded dynamically (C:\Users\Mega Pc\.m2\repository\net\bytebuddy\byte-buddy-agent\1.15.11\byte-buddy-agent-1.15.11.jar)
WARNING: If a serviceability tool is in use, please run with -XX:+EnableDynamicAgentLoading to hide this warning
WARNING: If a serviceability tool is not in use, please run with -Djdk.instrument.traceUsage for more information
WARNING: Dynamic loading of agents will be disallowed by default in a future release
]]></system-err>
  </testcase>
</testsuite>